<?xml version="1.0" encoding="UTF-8"?>
<testsuite name="SolutionTest" tests="3" skipped="0" failures="0" errors="0" timestamp="2022-06-27T08:47:24" hostname="yuanyu-ubuntu" time="0.033">
  <properties/>
  <testcase name="findCheapestPriceExample1()" classname="SolutionTest" time="0.029"/>
  <testcase name="findCheapestPriceExample2()" classname="SolutionTest" time="0.001"/>
  <testcase name="findCheapestPriceExample3()" classname="SolutionTest" time="0.001"/>
  <system-out><![CDATA[]]></system-out>
  <system-err><![CDATA[]]></system-err>
</testsuite>
